{"/home/evert/Projects/softtek/aws-node-http-api-project/src/common/constants.ts": {"path":"/home/evert/Projects/softtek/aws-node-http-api-project/src/common/constants.ts","statementMap":{"0":{"start":{"line":1,"column":13},"end":{"line":1,"column":51}},"1":{"start":{"line":2,"column":13},"end":{"line":2,"column":55}},"2":{"start":{"line":3,"column":13},"end":{"line":3,"column":55}}},"fnMap":{},"branchMap":{},"s":{"0":4,"1":4,"2":4},"f":{},"b":{}}
,"/home/evert/Projects/softtek/aws-node-http-api-project/src/interfaces/Repository.interface.ts": {"path":"/home/evert/Projects/softtek/aws-node-http-api-project/src/interfaces/Repository.interface.ts","statementMap":{"0":{"start":{"line":1,"column":0},"end":{"line":1,"column":22}},"1":{"start":{"line":3,"column":0},"end":{"line":3,"column":null}},"2":{"start":{"line":1,"column":22},"end":{"line":1,"column":40}}},"fnMap":{"0":{"name":"(anonymous_0)","decl":{"start":{"line":1,"column":0},"end":{"line":1,"column":22}},"loc":{"start":{"line":1,"column":0},"end":{"line":3,"column":null}}}},"branchMap":{},"s":{"0":2,"1":2,"2":2},"f":{"0":11},"b":{}}
,"/home/evert/Projects/softtek/aws-node-http-api-project/src/interfaces/types.ts": {"path":"/home/evert/Projects/softtek/aws-node-http-api-project/src/interfaces/types.ts","statementMap":{"0":{"start":{"line":1,"column":0},"end":{"line":1,"column":null}},"1":{"start":{"line":2,"column":4},"end":{"line":2,"column":null}},"2":{"start":{"line":3,"column":4},"end":{"line":3,"column":null}}},"fnMap":{"0":{"name":"(anonymous_0)","decl":{"start":{"line":1,"column":0},"end":{"line":1,"column":12}},"loc":{"start":{"line":1,"column":18},"end":{"line":4,"column":1}}}},"branchMap":{"0":{"loc":{"start":{"line":1,"column":12},"end":{"line":1,"column":null}},"type":"binary-expr","locations":[{"start":{"line":1,"column":12},"end":{"line":1,"column":18}},{"start":{"line":1,"column":18},"end":{"line":1,"column":null}}]}},"s":{"0":2,"1":2,"2":2},"f":{"0":2},"b":{"0":[2,2]}}
,"/home/evert/Projects/softtek/aws-node-http-api-project/src/repository/Persona.repository.ts": {"path":"/home/evert/Projects/softtek/aws-node-http-api-project/src/repository/Persona.repository.ts","statementMap":{"0":{"start":{"line":1,"column":0},"end":{"line":1,"column":26}},"1":{"start":{"line":2,"column":0},"end":{"line":2,"column":72}},"2":{"start":{"line":4,"column":0},"end":{"line":4,"column":63}},"3":{"start":{"line":6,"column":0},"end":{"line":6,"column":null}},"4":{"start":{"line":6,"column":39},"end":{"line":6,"column":57}},"5":{"start":{"line":9,"column":8},"end":{"line":9,"column":16}},"6":{"start":{"line":10,"column":8},"end":{"line":10,"column":49}},"7":{"start":{"line":12,"column":10},"end":{"line":32,"column":null}},"8":{"start":{"line":14,"column":34},"end":{"line":14,"column":null}},"9":{"start":{"line":14,"column":18},"end":{"line":14,"column":null}},"10":{"start":{"line":15,"column":12},"end":{"line":15,"column":null}},"11":{"start":{"line":16,"column":12},"end":{"line":19,"column":13}},"12":{"start":{"line":17,"column":16},"end":{"line":17,"column":53}},"13":{"start":{"line":18,"column":16},"end":{"line":18,"column":42}},"14":{"start":{"line":20,"column":29},"end":{"line":20,"column":null}},"15":{"start":{"line":20,"column":18},"end":{"line":20,"column":null}},"16":{"start":{"line":21,"column":18},"end":{"line":21,"column":42}},"17":{"start":{"line":23,"column":12},"end":{"line":25,"column":13}},"18":{"start":{"line":24,"column":16},"end":{"line":24,"column":58}},"19":{"start":{"line":26,"column":12},"end":{"line":26,"column":98}},"20":{"start":{"line":27,"column":12},"end":{"line":27,"column":34}},"21":{"start":{"line":29,"column":12},"end":{"line":29,"column":76}},"22":{"start":{"line":30,"column":12},"end":{"line":30,"column":59}},"23":{"start":{"line":34,"column":12},"end":{"line":37,"column":null}},"24":{"start":{"line":35,"column":31},"end":{"line":35,"column":45}},"25":{"start":{"line":36,"column":8},"end":{"line":36,"column":55}},"26":{"start":{"line":38,"column":0},"end":{"line":38,"column":null}},"27":{"start":{"line":6,"column":13},"end":{"line":6,"column":30}}},"fnMap":{"0":{"name":"(anonymous_19)","decl":{"start":{"line":6,"column":0},"end":{"line":6,"column":13}},"loc":{"start":{"line":6,"column":0},"end":{"line":38,"column":null}}},"1":{"name":"PersonaRepository","decl":{"start":{"line":8,"column":4},"end":{"line":8,"column":16}},"loc":{"start":{"line":8,"column":48},"end":{"line":11,"column":5}}},"2":{"name":"(anonymous_21)","decl":{"start":{"line":12,"column":4},"end":{"line":12,"column":10}},"loc":{"start":{"line":12,"column":24},"end":{"line":32,"column":null}}},"3":{"name":"(anonymous_24)","decl":{"start":{"line":34,"column":4},"end":{"line":34,"column":12}},"loc":{"start":{"line":34,"column":39},"end":{"line":37,"column":5}}}},"branchMap":{"0":{"loc":{"start":{"line":9,"column":8},"end":{"line":9,"column":16}},"type":"binary-expr","locations":[{"start":{"line":9,"column":8},"end":{"line":9,"column":15}},{"start":{"line":9,"column":15},"end":{"line":9,"column":16}}]},"1":{"loc":{"start":{"line":16,"column":12},"end":{"line":19,"column":13}},"type":"if","locations":[{"start":{"line":16,"column":12},"end":{"line":19,"column":13}}]},"2":{"loc":{"start":{"line":16,"column":16},"end":{"line":16,"column":75}},"type":"binary-expr","locations":[{"start":{"line":16,"column":16},"end":{"line":16,"column":29}},{"start":{"line":16,"column":33},"end":{"line":16,"column":75}}]},"3":{"loc":{"start":{"line":23,"column":12},"end":{"line":25,"column":13}},"type":"if","locations":[{"start":{"line":23,"column":12},"end":{"line":25,"column":13}}]},"4":{"loc":{"start":{"line":29,"column":52},"end":{"line":29,"column":74}},"type":"binary-expr","locations":[{"start":{"line":29,"column":52},"end":{"line":29,"column":65}},{"start":{"line":29,"column":69},"end":{"line":29,"column":74}}]}},"s":{"0":1,"1":1,"2":1,"3":1,"4":1,"5":5,"6":5,"7":1,"8":5,"9":5,"10":4,"11":4,"12":1,"13":1,"14":3,"15":3,"16":3,"17":3,"18":1,"19":4,"20":2,"21":2,"22":2,"23":1,"24":2,"25":2,"26":1,"27":1},"f":{"0":1,"1":5,"2":5,"3":2},"b":{"0":[5,5],"1":[1],"2":[4,2],"3":[1],"4":[2,0]}}
,"/home/evert/Projects/softtek/aws-node-http-api-project/src/repository/Planeta.repository.ts": {"path":"/home/evert/Projects/softtek/aws-node-http-api-project/src/repository/Planeta.repository.ts","statementMap":{"0":{"start":{"line":1,"column":0},"end":{"line":1,"column":26}},"1":{"start":{"line":2,"column":0},"end":{"line":2,"column":63}},"2":{"start":{"line":4,"column":0},"end":{"line":4,"column":72}},"3":{"start":{"line":6,"column":0},"end":{"line":6,"column":null}},"4":{"start":{"line":6,"column":39},"end":{"line":6,"column":57}},"5":{"start":{"line":9,"column":8},"end":{"line":9,"column":16}},"6":{"start":{"line":10,"column":8},"end":{"line":10,"column":49}},"7":{"start":{"line":12,"column":10},"end":{"line":32,"column":null}},"8":{"start":{"line":14,"column":34},"end":{"line":14,"column":null}},"9":{"start":{"line":14,"column":18},"end":{"line":14,"column":null}},"10":{"start":{"line":15,"column":12},"end":{"line":15,"column":null}},"11":{"start":{"line":16,"column":12},"end":{"line":19,"column":13}},"12":{"start":{"line":17,"column":16},"end":{"line":17,"column":53}},"13":{"start":{"line":18,"column":16},"end":{"line":18,"column":42}},"14":{"start":{"line":20,"column":29},"end":{"line":20,"column":null}},"15":{"start":{"line":20,"column":18},"end":{"line":20,"column":null}},"16":{"start":{"line":21,"column":18},"end":{"line":21,"column":42}},"17":{"start":{"line":23,"column":12},"end":{"line":25,"column":13}},"18":{"start":{"line":24,"column":16},"end":{"line":24,"column":58}},"19":{"start":{"line":26,"column":12},"end":{"line":26,"column":98}},"20":{"start":{"line":27,"column":12},"end":{"line":27,"column":34}},"21":{"start":{"line":29,"column":12},"end":{"line":29,"column":76}},"22":{"start":{"line":30,"column":12},"end":{"line":30,"column":59}},"23":{"start":{"line":34,"column":12},"end":{"line":37,"column":null}},"24":{"start":{"line":35,"column":31},"end":{"line":35,"column":45}},"25":{"start":{"line":36,"column":8},"end":{"line":36,"column":55}},"26":{"start":{"line":38,"column":0},"end":{"line":38,"column":null}},"27":{"start":{"line":6,"column":13},"end":{"line":6,"column":30}}},"fnMap":{"0":{"name":"(anonymous_19)","decl":{"start":{"line":6,"column":0},"end":{"line":6,"column":13}},"loc":{"start":{"line":6,"column":0},"end":{"line":38,"column":null}}},"1":{"name":"PlanetaRepository","decl":{"start":{"line":8,"column":4},"end":{"line":8,"column":16}},"loc":{"start":{"line":8,"column":48},"end":{"line":11,"column":5}}},"2":{"name":"(anonymous_21)","decl":{"start":{"line":12,"column":4},"end":{"line":12,"column":10}},"loc":{"start":{"line":12,"column":24},"end":{"line":32,"column":null}}},"3":{"name":"(anonymous_24)","decl":{"start":{"line":34,"column":4},"end":{"line":34,"column":12}},"loc":{"start":{"line":34,"column":39},"end":{"line":37,"column":5}}}},"branchMap":{"0":{"loc":{"start":{"line":9,"column":8},"end":{"line":9,"column":16}},"type":"binary-expr","locations":[{"start":{"line":9,"column":8},"end":{"line":9,"column":15}},{"start":{"line":9,"column":15},"end":{"line":9,"column":16}}]},"1":{"loc":{"start":{"line":16,"column":12},"end":{"line":19,"column":13}},"type":"if","locations":[{"start":{"line":16,"column":12},"end":{"line":19,"column":13}}]},"2":{"loc":{"start":{"line":16,"column":16},"end":{"line":16,"column":75}},"type":"binary-expr","locations":[{"start":{"line":16,"column":16},"end":{"line":16,"column":29}},{"start":{"line":16,"column":33},"end":{"line":16,"column":75}}]},"3":{"loc":{"start":{"line":23,"column":12},"end":{"line":25,"column":13}},"type":"if","locations":[{"start":{"line":23,"column":12},"end":{"line":25,"column":13}}]},"4":{"loc":{"start":{"line":29,"column":52},"end":{"line":29,"column":74}},"type":"binary-expr","locations":[{"start":{"line":29,"column":52},"end":{"line":29,"column":65}},{"start":{"line":29,"column":69},"end":{"line":29,"column":74}}]}},"s":{"0":1,"1":1,"2":1,"3":1,"4":1,"5":4,"6":4,"7":1,"8":4,"9":4,"10":4,"11":4,"12":1,"13":1,"14":3,"15":3,"16":2,"17":2,"18":1,"19":2,"20":1,"21":2,"22":2,"23":1,"24":2,"25":2,"26":1,"27":1},"f":{"0":1,"1":4,"2":4,"3":2},"b":{"0":[4,4],"1":[1],"2":[4,2],"3":[1],"4":[2,0]}}
,"/home/evert/Projects/softtek/aws-node-http-api-project/src/services/Fusion.service.ts": {"path":"/home/evert/Projects/softtek/aws-node-http-api-project/src/services/Fusion.service.ts","statementMap":{"0":{"start":{"line":1,"column":0},"end":{"line":1,"column":58}},"1":{"start":{"line":4,"column":0},"end":{"line":4,"column":54}},"2":{"start":{"line":5,"column":0},"end":{"line":5,"column":36}},"3":{"start":{"line":7,"column":0},"end":{"line":7,"column":22}},"4":{"start":{"line":9,"column":0},"end":{"line":9,"column":null}},"5":{"start":{"line":7,"column":22},"end":{"line":7,"column":43}},"6":{"start":{"line":11,"column":0},"end":{"line":11,"column":13}},"7":{"start":{"line":20,"column":8},"end":{"line":20,"column":51}},"8":{"start":{"line":21,"column":8},"end":{"line":21,"column":51}},"9":{"start":{"line":22,"column":8},"end":{"line":22,"column":50}},"10":{"start":{"line":24,"column":10},"end":{"line":35,"column":null}},"11":{"start":{"line":25,"column":35},"end":{"line":28,"column":null}},"12":{"start":{"line":25,"column":14},"end":{"line":25,"column":35}},"13":{"start":{"line":29,"column":14},"end":{"line":29,"column":null}},"14":{"start":{"line":30,"column":14},"end":{"line":30,"column":83}},"15":{"start":{"line":31,"column":14},"end":{"line":31,"column":null}},"16":{"start":{"line":32,"column":8},"end":{"line":32,"column":null}},"17":{"start":{"line":33,"column":8},"end":{"line":33,"column":80}},"18":{"start":{"line":34,"column":8},"end":{"line":34,"column":44}},"19":{"start":{"line":37,"column":12},"end":{"line":41,"column":null}},"20":{"start":{"line":38,"column":19},"end":{"line":38,"column":49}},"21":{"start":{"line":39,"column":8},"end":{"line":39,"column":37}},"22":{"start":{"line":40,"column":8},"end":{"line":40,"column":18}},"23":{"start":{"line":43,"column":12},"end":{"line":55,"column":null}},"24":{"start":{"line":44,"column":8},"end":{"line":54,"column":10}},"25":{"start":{"line":56,"column":0},"end":{"line":56,"column":null}},"26":{"start":{"line":11,"column":13},"end":{"line":11,"column":26}}},"fnMap":{"0":{"name":"(anonymous_15)","decl":{"start":{"line":7,"column":0},"end":{"line":7,"column":22}},"loc":{"start":{"line":7,"column":0},"end":{"line":9,"column":null}}},"1":{"name":"(anonymous_17)","decl":{"start":{"line":11,"column":0},"end":{"line":11,"column":13}},"loc":{"start":{"line":11,"column":0},"end":{"line":56,"column":null}}},"2":{"name":"FusionService","decl":{"start":{"line":15,"column":4},"end":{"line":15,"column":null}},"loc":{"start":{"line":18,"column":41},"end":{"line":23,"column":5}}},"3":{"name":"(anonymous_19)","decl":{"start":{"line":24,"column":4},"end":{"line":24,"column":10}},"loc":{"start":{"line":24,"column":30},"end":{"line":35,"column":null}}},"4":{"name":"(anonymous_22)","decl":{"start":{"line":37,"column":4},"end":{"line":37,"column":12}},"loc":{"start":{"line":37,"column":4},"end":{"line":41,"column":5}}},"5":{"name":"(anonymous_23)","decl":{"start":{"line":43,"column":4},"end":{"line":43,"column":12}},"loc":{"start":{"line":43,"column":36},"end":{"line":55,"column":5}}}},"branchMap":{"0":{"loc":{"start":{"line":25,"column":35},"end":{"line":28,"column":null}},"type":"switch","locations":[{"start":{"line":25,"column":35},"end":{"line":28,"column":null}}]},"1":{"loc":{"start":{"line":46,"column":20},"end":{"line":46,"column":82}},"type":"cond-expr","locations":[{"start":{"line":46,"column":48},"end":{"line":46,"column":64}},{"start":{"line":46,"column":67},"end":{"line":46,"column":82}}]},"2":{"loc":{"start":{"line":50,"column":26},"end":{"line":50,"column":89}},"type":"cond-expr","locations":[{"start":{"line":50,"column":58},"end":{"line":50,"column":71}},{"start":{"line":50,"column":74},"end":{"line":50,"column":89}}]},"3":{"loc":{"start":{"line":51,"column":33},"end":{"line":51,"column":101}},"type":"cond-expr","locations":[{"start":{"line":51,"column":66},"end":{"line":51,"column":67}},{"start":{"line":51,"column":70},"end":{"line":51,"column":101}}]},"4":{"loc":{"start":{"line":52,"column":35},"end":{"line":52,"column":100}},"type":"cond-expr","locations":[{"start":{"line":52,"column":67},"end":{"line":52,"column":68}},{"start":{"line":52,"column":70},"end":{"line":52,"column":100}}]}},"s":{"0":1,"1":1,"2":1,"3":1,"4":1,"5":1,"6":1,"7":2,"8":2,"9":2,"10":1,"11":2,"12":2,"13":1,"14":1,"15":1,"16":1,"17":2,"18":1,"19":1,"20":2,"21":2,"22":2,"23":1,"24":1,"25":1,"26":1},"f":{"0":1,"1":1,"2":2,"3":2,"4":2,"5":1},"b":{"0":[2],"1":[1,0],"2":[0,1],"3":[0,1],"4":[0,1]}}
,"/home/evert/Projects/softtek/aws-node-http-api-project/src/services/Persona.service.ts": {"path":"/home/evert/Projects/softtek/aws-node-http-api-project/src/services/Persona.service.ts","statementMap":{"0":{"start":{"line":2,"column":0},"end":{"line":2,"column":84}},"1":{"start":{"line":4,"column":0},"end":{"line":4,"column":52}},"2":{"start":{"line":6,"column":0},"end":{"line":6,"column":36}},"3":{"start":{"line":8,"column":0},"end":{"line":8,"column":22}},"4":{"start":{"line":12,"column":0},"end":{"line":12,"column":null}},"5":{"start":{"line":8,"column":22},"end":{"line":8,"column":44}},"6":{"start":{"line":14,"column":0},"end":{"line":14,"column":13}},"7":{"start":{"line":18,"column":8},"end":{"line":18,"column":49}},"8":{"start":{"line":21,"column":10},"end":{"line":35,"column":null}},"9":{"start":{"line":21,"column":14},"end":{"line":21,"column":26}},"10":{"start":{"line":22,"column":44},"end":{"line":26,"column":null}},"11":{"start":{"line":22,"column":14},"end":{"line":22,"column":44}},"12":{"start":{"line":28,"column":14},"end":{"line":28,"column":104}},"13":{"start":{"line":28,"column":86},"end":{"line":28,"column":103}},"14":{"start":{"line":29,"column":14},"end":{"line":29,"column":96}},"15":{"start":{"line":31,"column":8},"end":{"line":34,"column":10}},"16":{"start":{"line":37,"column":10},"end":{"line":51,"column":null}},"17":{"start":{"line":37,"column":19},"end":{"line":37,"column":31}},"18":{"start":{"line":38,"column":44},"end":{"line":42,"column":null}},"19":{"start":{"line":38,"column":14},"end":{"line":38,"column":44}},"20":{"start":{"line":44,"column":14},"end":{"line":44,"column":104}},"21":{"start":{"line":44,"column":86},"end":{"line":44,"column":103}},"22":{"start":{"line":45,"column":14},"end":{"line":45,"column":96}},"23":{"start":{"line":47,"column":8},"end":{"line":50,"column":10}},"24":{"start":{"line":53,"column":10},"end":{"line":57,"column":null}},"25":{"start":{"line":54,"column":14},"end":{"line":54,"column":null}},"26":{"start":{"line":55,"column":8},"end":{"line":55,"column":null}},"27":{"start":{"line":56,"column":8},"end":{"line":56,"column":25}},"28":{"start":{"line":58,"column":0},"end":{"line":58,"column":null}},"29":{"start":{"line":14,"column":13},"end":{"line":14,"column":27}}},"fnMap":{"0":{"name":"(anonymous_15)","decl":{"start":{"line":8,"column":0},"end":{"line":8,"column":22}},"loc":{"start":{"line":8,"column":0},"end":{"line":12,"column":null}}},"1":{"name":"(anonymous_17)","decl":{"start":{"line":14,"column":0},"end":{"line":14,"column":13}},"loc":{"start":{"line":14,"column":0},"end":{"line":58,"column":null}}},"2":{"name":"PersonaService","decl":{"start":{"line":17,"column":4},"end":{"line":17,"column":16}},"loc":{"start":{"line":17,"column":48},"end":{"line":19,"column":5}}},"3":{"name":"(anonymous_19)","decl":{"start":{"line":21,"column":4},"end":{"line":21,"column":10}},"loc":{"start":{"line":21,"column":4},"end":{"line":35,"column":null}}},"4":{"name":"(anonymous_22)","decl":{"start":{"line":28,"column":44},"end":{"line":28,"column":45}},"loc":{"start":{"line":28,"column":81},"end":{"line":28,"column":96}}},"5":{"name":"(anonymous_23)","decl":{"start":{"line":37,"column":4},"end":{"line":37,"column":10}},"loc":{"start":{"line":37,"column":4},"end":{"line":51,"column":null}}},"6":{"name":"(anonymous_26)","decl":{"start":{"line":44,"column":44},"end":{"line":44,"column":45}},"loc":{"start":{"line":44,"column":81},"end":{"line":44,"column":96}}},"7":{"name":"(anonymous_27)","decl":{"start":{"line":53,"column":4},"end":{"line":53,"column":10}},"loc":{"start":{"line":53,"column":28},"end":{"line":57,"column":null}}}},"branchMap":{"0":{"loc":{"start":{"line":21,"column":14},"end":{"line":21,"column":26}},"type":"if","locations":[{"start":{"line":21,"column":14},"end":{"line":21,"column":26}}]},"1":{"loc":{"start":{"line":22,"column":44},"end":{"line":26,"column":null}},"type":"switch","locations":[{"start":{"line":22,"column":44},"end":{"line":26,"column":null}}]},"2":{"loc":{"start":{"line":29,"column":36},"end":{"line":29,"column":95}},"type":"cond-expr","locations":[{"start":{"line":29,"column":55},"end":{"line":29,"column":83}},{"start":{"line":29,"column":86},"end":{"line":29,"column":95}}]},"3":{"loc":{"start":{"line":37,"column":19},"end":{"line":37,"column":31}},"type":"if","locations":[{"start":{"line":37,"column":19},"end":{"line":37,"column":31}}]},"4":{"loc":{"start":{"line":38,"column":44},"end":{"line":42,"column":null}},"type":"switch","locations":[{"start":{"line":38,"column":44},"end":{"line":42,"column":null}}]},"5":{"loc":{"start":{"line":45,"column":36},"end":{"line":45,"column":95}},"type":"cond-expr","locations":[{"start":{"line":45,"column":55},"end":{"line":45,"column":83}},{"start":{"line":45,"column":86},"end":{"line":45,"column":95}}]}},"s":{"0":1,"1":1,"2":1,"3":1,"4":1,"5":1,"6":1,"7":4,"8":1,"9":2,"10":2,"11":2,"12":2,"13":2,"14":2,"15":2,"16":1,"17":1,"18":1,"19":1,"20":1,"21":2,"22":1,"23":1,"24":1,"25":1,"26":2,"27":1,"28":1,"29":1},"f":{"0":1,"1":1,"2":4,"3":2,"4":2,"5":1,"6":2,"7":1},"b":{"0":[0],"1":[2],"2":[1,1],"3":[0],"4":[1],"5":[1,0]}}
}
