TN:
SF:src/common/constants.ts
FNF:0
FNH:0
DA:1,4
DA:2,4
DA:3,4
LF:3
LH:3
BRF:0
BRH:0
end_of_record
TN:
SF:src/interfaces/Repository.interface.ts
FN:1,(anonymous_0)
FNF:1
FNH:1
FNDA:11,(anonymous_0)
DA:1,2
DA:3,2
LF:2
LH:2
BRF:0
BRH:0
end_of_record
TN:
SF:src/interfaces/types.ts
FN:1,(anonymous_0)
FNF:1
FNH:1
FNDA:2,(anonymous_0)
DA:1,2
DA:2,2
DA:3,2
LF:3
LH:3
BRDA:1,0,0,2
BRDA:1,0,1,2
BRF:2
BRH:2
end_of_record
TN:
SF:src/repository/Persona.repository.ts
FN:6,(anonymous_19)
FN:8,PersonaRepository
FN:12,(anonymous_21)
FN:34,(anonymous_24)
FNF:4
FNH:4
FNDA:1,(anonymous_19)
FNDA:5,PersonaRepository
FNDA:5,(anonymous_21)
FNDA:2,(anonymous_24)
DA:1,1
DA:2,1
DA:4,1
DA:6,1
DA:9,5
DA:10,5
DA:12,1
DA:14,5
DA:15,4
DA:16,4
DA:17,1
DA:18,1
DA:20,3
DA:21,3
DA:23,3
DA:24,1
DA:26,4
DA:27,2
DA:29,2
DA:30,2
DA:34,1
DA:35,2
DA:36,2
DA:38,1
LF:24
LH:24
BRDA:9,0,0,5
BRDA:9,0,1,5
BRDA:16,1,0,1
BRDA:16,2,0,4
BRDA:16,2,1,2
BRDA:23,3,0,1
BRDA:29,4,0,2
BRDA:29,4,1,0
BRF:8
BRH:7
end_of_record
TN:
SF:src/repository/Planeta.repository.ts
FN:6,(anonymous_19)
FN:8,PlanetaRepository
FN:12,(anonymous_21)
FN:34,(anonymous_24)
FNF:4
FNH:4
FNDA:1,(anonymous_19)
FNDA:4,PlanetaRepository
FNDA:4,(anonymous_21)
FNDA:2,(anonymous_24)
DA:1,1
DA:2,1
DA:4,1
DA:6,1
DA:9,4
DA:10,4
DA:12,1
DA:14,4
DA:15,4
DA:16,4
DA:17,1
DA:18,1
DA:20,3
DA:21,2
DA:23,2
DA:24,1
DA:26,2
DA:27,1
DA:29,2
DA:30,2
DA:34,1
DA:35,2
DA:36,2
DA:38,1
LF:24
LH:24
BRDA:9,0,0,4
BRDA:9,0,1,4
BRDA:16,1,0,1
BRDA:16,2,0,4
BRDA:16,2,1,2
BRDA:23,3,0,1
BRDA:29,4,0,2
BRDA:29,4,1,0
BRF:8
BRH:7
end_of_record
TN:
SF:src/services/Fusion.service.ts
FN:7,(anonymous_15)
FN:11,(anonymous_17)
FN:15,FusionService
FN:24,(anonymous_19)
FN:37,(anonymous_22)
FN:43,(anonymous_23)
FNF:6
FNH:6
FNDA:1,(anonymous_15)
FNDA:1,(anonymous_17)
FNDA:2,FusionService
FNDA:2,(anonymous_19)
FNDA:2,(anonymous_22)
FNDA:1,(anonymous_23)
DA:1,1
DA:4,1
DA:5,1
DA:7,1
DA:9,1
DA:11,1
DA:20,2
DA:21,2
DA:22,2
DA:24,1
DA:25,2
DA:29,1
DA:30,1
DA:31,1
DA:32,1
DA:33,2
DA:34,1
DA:37,1
DA:38,2
DA:39,2
DA:40,2
DA:43,1
DA:44,1
DA:56,1
LF:24
LH:24
BRDA:25,0,0,2
BRDA:46,1,0,1
BRDA:46,1,1,0
BRDA:50,2,0,0
BRDA:50,2,1,1
BRDA:51,3,0,0
BRDA:51,3,1,1
BRDA:52,4,0,0
BRDA:52,4,1,1
BRF:9
BRH:5
end_of_record
TN:
SF:src/services/Persona.service.ts
FN:8,(anonymous_15)
FN:14,(anonymous_17)
FN:17,PersonaService
FN:21,(anonymous_19)
FN:28,(anonymous_22)
FN:37,(anonymous_23)
FN:44,(anonymous_26)
FN:53,(anonymous_27)
FNF:8
FNH:8
FNDA:1,(anonymous_15)
FNDA:1,(anonymous_17)
FNDA:4,PersonaService
FNDA:2,(anonymous_19)
FNDA:2,(anonymous_22)
FNDA:1,(anonymous_23)
FNDA:2,(anonymous_26)
FNDA:1,(anonymous_27)
DA:2,1
DA:4,1
DA:6,1
DA:8,1
DA:12,1
DA:14,1
DA:18,4
DA:21,2
DA:22,2
DA:28,2
DA:29,2
DA:31,2
DA:37,1
DA:38,1
DA:44,2
DA:45,1
DA:47,1
DA:53,1
DA:54,1
DA:55,2
DA:56,1
DA:58,1
LF:22
LH:22
BRDA:21,0,0,0
BRDA:22,1,0,2
BRDA:29,2,0,1
BRDA:29,2,1,1
BRDA:37,3,0,0
BRDA:38,4,0,1
BRDA:45,5,0,1
BRDA:45,5,1,0
BRF:8
BRH:5
end_of_record
